<?xml version="1.0" encoding="UTF-8"?>
<testsuite xmlns:xsi="http://www.w3.org/2001/XMLSchema-instance" xsi:noNamespaceSchemaLocation="https://maven.apache.org/surefire/maven-surefire-plugin/xsd/surefire-test-report-3.0.xsd" version="3.0" name="com.test.CalculatorTest" time="0.033" tests="4" errors="4" skipped="0" failures="0">
  <properties>
[...]
</properties>
  <testcase name="TestAdd" classname="com.test.CalculatorTest" time="0.012">
    <error type="java.lang.NullPointerException"><![CDATA[java.lang.NullPointerException
	at com.test.CalculatorTest.TestAdd(CalculatorTest.java:39)
	at java.base/java.lang.reflect.Method.invoke(Method.java:566)
]]></error>
    <system-out><![CDATA[BEFORE ALL THE TEST CASES ONLY ONE TIME
excutes every test method after excution
TestAdd Method
excutees every test method before excution
]]></system-out>
  </testcase>
  <testcase name="TestMul" classname="com.test.CalculatorTest" time="0.001">
    <error type="java.lang.NullPointerException"><![CDATA[java.lang.NullPointerException
	at com.test.CalculatorTest.TestMul(CalculatorTest.java:55)
	at java.base/java.lang.reflect.Method.invoke(Method.java:566)
]]></error>
    <system-out><![CDATA[excutes every test method after excution
TestMul Method
excutees every test method before excution
]]></system-out>
  </testcase>
  <testcase name="TestSub" classname="com.test.CalculatorTest" time="0.003">
    <error type="java.lang.NullPointerException"><![CDATA[java.lang.NullPointerException
	at com.test.CalculatorTest.TestSub(CalculatorTest.java:46)
	at java.base/java.lang.reflect.Method.invoke(Method.java:566)
]]></error>
    <system-out><![CDATA[excutes every test method after excution
TestSub Method
excutees every test method before excution
]]></system-out>
  </testcase>
  <testcase name="TestGreet" classname="com.test.CalculatorTest" time="0.0">
    <error type="java.lang.NullPointerException"><![CDATA[java.lang.NullPointerException
	at com.test.CalculatorTest.TestGreet(CalculatorTest.java:63)
	at java.base/java.lang.reflect.Method.invoke(Method.java:566)
]]></error>
    <system-out><![CDATA[excutes every test method after excution
TestGreet Method
excutees every test method before excution
]]></system-out>
  </testcase>
</testsuite>